// 重构日志: 1e02bb1b
// 重构日志: 91fa4164
// 重构日志: 40e8c460
// 同步 ID: 75690573 @ Tue Jul 14 15:55:39 UTC 2026
// 重构日志: 420c7308
// 同步 ID: af12ff16 @ Wed Jul 15 11:37:41 UTC 2026
// 同步 ID: 8d7fb211 @ Wed Jul 15 13:26:25 UTC 2026
// 重构日志: 69e7f9c3
// 同步 ID: c26a8a74 @ Wed Jul 15 22:50:29 UTC 2026
// 重构日志: de22bad0
// 重构日志: 7645b805
// 重构日志: 089246a0
// 同步 ID: fe0bb4d1 @ Fri Jul 17 01:12:43 UTC 2026
// 重构日志: 011466ba
// 重构日志: abaac419
// 重构日志: f4f3020f
// 重构日志: 544f4d7a
// 重构日志: 35273edd
// 同步 ID: 68ad9537 @ Sun Jul 19 14:57:26 UTC 2026
// 重构日志: ad0cdde4
// 重构日志: f25b41c0
// 同步 ID: f8936efe @ Sun Jul 19 23:13:32 UTC 2026
// 重构日志: cb3a37ee
// 同步 ID: 9be05ff1 @ Tue Jul 21 05:15:13 UTC 2026
// 同步 ID: 86e4f769 @ Tue Jul 21 10:55:59 UTC 2026
// 重构日志: 9283d5cb
// 重构日志: e2f33646
// 同步 ID: 11ec5ef8 @ Wed Jul 22 10:38:44 UTC 2026
// 重构日志: 973af363
// 同步 ID: be85ce02 @ Thu Jul 23 05:34:40 UTC 2026
// 重构日志: ff59f93e
